2026/04/25 21:21:10 Database connected
2026/04/25 21:21:11 Server starting on port 8080
2026/04/25 21:21:33 Database connected
2026/04/25 21:21:33 Migration rolled back
2026/04/26 13:10:21 Failed to connect to database:sql: unknown driver "postgres" (forgotten import?)
2026/04/26 13:14:23 Database connected
2026/04/26 13:14:24 Server starting on port 8080
2026/04/26 21:58:03 Database connected
2026/04/26 21:58:04 Server starting on port 8080
2026/04/26 22:02:07 Database connected
2026/04/26 22:02:07 Server starting on port 8080
2026/04/26 22:11:13 Database connected
2026/04/26 22:11:13 Server starting on port 8080
2026/04/26 22:30:10 Database connected
2026/04/26 22:30:10 Server starting on port 8080
2026/04/26 22:30:10 Server failed:listen tcp :8080: bind: Only one usage of each socket address (protocol/network address/port) is normally permitted.
2026/04/26 22:31:29 Database connected
2026/04/26 22:31:29 Server starting on port 8080
2026/04/28 01:30:49 Failed to connect to database:dial tcp: lookup db: no such host
2026/04/28 10:47:22 Failed to connect to database:dial tcp: lookup db: no such host
2026/04/28 10:50:46 Database connected
2026/04/28 10:50:46 Server starting on port 8080
2026/04/28 10:50:46 Server failed:listen tcp :8080: bind: Only one usage of each socket address (protocol/network address/port) is normally permitted.
2026/04/28 10:51:48 Failed to connect to database:dial tcp [::1]:5432: connectex: No connection could be made because the target machine actively refused it.
2026/04/28 10:52:27 Database connected
2026/04/28 10:52:27 Server starting on port 8080
2026/04/29 18:26:25 Failed to connect to database:dial tcp: lookup db: no such host
2026/04/29 18:30:36 Failed to connect to database:dial tcp: lookup db: no such host
2026/04/29 18:31:57 Database connected
2026/04/29 18:31:57 Server starting on port 8080
2026/05/07 11:17:19 Failed to connect to database:dial tcp: lookup db: no such host
2026/05/07 11:17:49 Failed to connect to database:dial tcp: lookup db: no such host
2026/05/07 12:01:36 Failed to connect to database:dial tcp: lookup db: no such host
2026/05/07 12:01:59 Failed to connect to database:dial tcp: lookup db: no such host
2026/05/08 19:37:18 Failed to connect to database:dial tcp: lookup db: no such host
2026/05/08 19:37:42 Failed to connect to database:dial tcp: lookup db: no such host
2026/05/08 17:01:56 .env file not found
2026/05/08 17:01:56 Database connected
2026/05/08 17:01:56 Server starting on port 8080
2026/05/08 17:03:02 GET /api/subscriptions 200 48.771479ms
2026/05/08 17:04:25 Shutting down server...
2026/05/08 17:04:25 Server exited properly
2026/05/10 18:59:13 .env file not found
2026/05/10 18:59:14 Database connected
2026/05/10 18:59:14 Server starting on port 8080
2026/05/10 19:00:22 Shutting down server...
2026/05/10 19:00:22 Server exited properly
2026/05/10 22:14:07 [INFO] Starting Subscription API server
2026/05/10 22:14:07 [FATAL] Failed to connect to database: dial tcp [::1]:5432: connectex: No connection could be made because the target machine actively refused it.
2026/05/10 22:19:05 [INFO] Starting Subscription API server
2026/05/10 22:19:05 Database connected
2026/05/10 22:19:05 [INFO] Database connected successfully
2026/05/10 22:19:05 [INFO] Server starting on port 8080
2026/05/10 23:00:54 [INFO] Shutting down server...
2026/05/10 23:00:54 [INFO] Server exited properly
2026/05/10 20:01:40 [INFO] Starting Subscription API server
2026/05/10 20:01:40 [FATAL] Failed to connect to database: dial tcp [::1]:5432: connect: connection refused
2026/05/10 20:29:23 [INFO] Starting Subscription API server
2026/05/10 20:29:23 Database connected
2026/05/10 20:29:23 [INFO] Database connected successfully
2026/05/10 20:29:24 [INFO] Server starting on port 8080
2026/05/11 16:58:59 [INFO] Shutting down server...
2026/05/11 16:58:59 [INFO] Server exited properly
2026/05/11 16:59:02 [INFO] Starting Subscription API server
2026/05/11 16:59:02 Database connected
2026/05/11 16:59:02 [INFO] Database connected successfully
2026/05/11 16:59:02 [INFO] Server starting on port 8080
2026/05/11 17:08:04 [INFO] Shutting down server...
2026/05/11 17:08:04 [INFO] Server exited properly
2026/05/11 17:10:08 [INFO] Starting Subscription API server
2026/05/11 17:10:08 Database connected
2026/05/11 17:10:08 [INFO] Database connected successfully
2026/05/11 17:10:08 [INFO] Server starting on port 8080
2026/05/11 17:15:39 [INFO] Shutting down server...
2026/05/11 17:15:39 [INFO] Server exited properly
2026/05/11 17:16:33 [INFO] Starting Subscription API server
2026/05/11 17:16:33 Database connected
2026/05/11 17:16:33 [INFO] Database connected successfully
2026/05/11 17:16:33 [INFO] Server starting on port 8080
2026/05/11 17:19:08 [INFO] Shutting down server...
2026/05/11 17:19:08 [INFO] Server exited properly
2026/05/11 17:23:22 [INFO] Starting Subscription API server
2026/05/11 17:23:23 Database connected
2026/05/11 17:23:23 [INFO] Database connected successfully
2026/05/11 17:23:23 [INFO] Server starting on port 8080
2026/05/11 17:30:37 [INFO] Shutting down server...
2026/05/11 17:30:37 [INFO] Server exited properly
2026/05/11 17:30:39 [INFO] Starting Subscription API server
2026/05/11 17:30:39 Database connected
2026/05/11 17:30:39 [INFO] Database connected successfully
2026/05/11 17:30:39 [INFO] Server starting on port 8080
2026/05/11 17:34:52 [INFO] Shutting down server...
2026/05/11 17:34:52 [INFO] Server exited properly
2026/05/11 17:35:51 [INFO] Starting Subscription API server
2026/05/11 17:35:51 Database connected
2026/05/11 17:35:51 [INFO] Database connected successfully
2026/05/11 17:35:51 [INFO] Server starting on port 8080
2026/05/11 17:40:44 GET /api/subscriptions 200 79.314978ms
2026/05/11 17:41:00 [WARN] CreateSubscriptionHandler: validation failed: user_id: not valid-UUID
2026/05/11 17:41:00 POST /api/subscriptions 400 706.54µs
2026/05/11 17:41:13 [WARN] GetTotalCost: failed to parse startDate : parsing time "" as "01-2006": cannot parse "" as "01"
2026/05/11 17:41:13 [ERROR] GetTotalCostHandler: database error: invalid startDate: parsing time "" as "01-2006": cannot parse "" as "01"
2026/05/11 17:41:13 GET /api/subscriptions/total-cost 500 1.140465ms
2026/05/11 17:44:25 GET /api/subscriptions/1 200 15.246669ms
2026/05/11 17:44:44 [WARN] UpdateSubscriptionHandler: validation failed for id=1: user_id: not valid-UUID
2026/05/11 17:44:44 PUT /api/subscriptions/1 400 523.139µs
2026/05/11 17:45:00 DELETE /api/subscriptions/1 200 13.682966ms
2026/05/11 18:14:51 [INFO] Shutting down server...
2026/05/11 18:14:51 [INFO] Server exited properly
2026/05/11 18:15:45 [INFO] Starting Subscription API server
2026/05/11 18:15:45 Database connected
2026/05/11 18:15:45 [INFO] Database connected successfully
2026/05/11 18:15:45 [INFO] Server starting on port 8080
2026/05/11 19:07:37 [INFO] Shutting down server...
2026/05/11 19:07:37 [INFO] Server exited properly
2026/05/11 19:14:19 [INFO] Starting Subscription API server
2026/05/11 19:14:19 [INFO] Database connected successfully
2026/05/11 19:14:19 [INFO] Database connected successfully
2026/05/11 19:14:19 [INFO] Server starting on port 8080
2026/05/11 19:15:14 POST /api/subscriptions 201 31.073581ms
2026/05/12 10:56:19 [INFO] Starting Subscription API server
2026/05/12 10:56:20 [INFO] Database connected successfully
2026/05/12 10:56:20 [INFO] Database connected successfully
2026/05/12 10:56:20 [INFO] Server starting on port 8080
2026/05/12 11:03:28 [INFO] Shutting down server...
2026/05/12 11:03:28 [INFO] Server exited properly
2026/05/12 11:03:30 [INFO] Starting Subscription API server
2026/05/12 11:03:30 [INFO] Database connected successfully
2026/05/12 11:03:30 [INFO] Database connected successfully
2026/05/12 11:03:30 [INFO] Server starting on port 8080
2026/05/12 11:04:13 [INFO] Shutting down server...
2026/05/12 11:04:13 [INFO] Server exited properly
2026/05/12 11:04:59 [INFO] Starting Subscription API server
2026/05/12 11:04:59 [INFO] Database connected successfully
2026/05/12 11:04:59 [INFO] Database connected successfully
2026/05/12 11:04:59 [INFO] Server starting on port 8080
2026/05/12 11:05:18 POST /api/subscriptions 201 21.514338ms
2026/05/12 11:11:16 [INFO] Shutting down server...
2026/05/12 11:11:16 [INFO] Server exited properly
